<?xml version="1.0" encoding="UTF-8"?>
<!-- Generated by org.testng.reporters.JUnitXMLReporter -->
<testsuite hostname="Mithu02-PC" name="Default test(failed)" tests="1" failures="1" timestamp="16 Jun 2015 01:33:38 GMT" time="6.322" errors="0">
  <testcase name="f" time="0.447" classname="com.homesite.test.script.NewTest_IE">
    <failure type="org.openqa.selenium.InvalidSelectorException" message="The given selector glyphicon iconPolicy &amp;lt;!--icon-policy--&amp;gt; is either invalid or does not result in a WebElement. The following error occurred:
InvalidSelectorError: Compound class names not permitted
Command duration or timeout: 434 milliseconds
For documentation on this error, please visit: http://seleniumhq.org/exceptions/invalid_selector_exception.html
Build info: version: &amp;apos;2.46.0&amp;apos;, revision: &amp;apos;87c69e2&amp;apos;, time: &amp;apos;2015-06-04 16:17:10&amp;apos;
System info: host: &amp;apos;Mithu02-PC&amp;apos;, ip: &amp;apos;192.168.1.151&amp;apos;, os.name: &amp;apos;Windows 8.1&amp;apos;, os.arch: &amp;apos;amd64&amp;apos;, os.version: &amp;apos;6.3&amp;apos;, java.version: &amp;apos;1.8.0_31&amp;apos;
Driver info: org.openqa.selenium.firefox.FirefoxDriver
Capabilities [{applicationCacheEnabled=true, rotatable=false, handlesAlerts=true, databaseEnabled=true, version=38.0.5, platform=WINDOWS, nativeEvents=false, acceptSslCerts=true, webStorageEnabled=true, locationContextEnabled=true, browserName=firefox, takesScreenshot=true, javascriptEnabled=true, cssSelectorsEnabled=true}]
Session ID: 5747c3c2-5c03-4d17-b596-353bd997b0ea
*** Element info: {Using=class name, value=glyphicon iconPolicy &amp;lt;!--icon-policy--&amp;gt;}">
      <![CDATA[org.openqa.selenium.InvalidSelectorException: The given selector glyphicon iconPolicy <!--icon-policy--> is either invalid or does not result in a WebElement. The following error occurred:
InvalidSelectorError: Compound class names not permitted
Command duration or timeout: 434 milliseconds
For documentation on this error, please visit: http://seleniumhq.org/exceptions/invalid_selector_exception.html
Build info: version: '2.46.0', revision: '87c69e2', time: '2015-06-04 16:17:10'
System info: host: 'Mithu02-PC', ip: '192.168.1.151', os.name: 'Windows 8.1', os.arch: 'amd64', os.version: '6.3', java.version: '1.8.0_31'
Driver info: org.openqa.selenium.firefox.FirefoxDriver
Capabilities [{applicationCacheEnabled=true, rotatable=false, handlesAlerts=true, databaseEnabled=true, version=38.0.5, platform=WINDOWS, nativeEvents=false, acceptSslCerts=true, webStorageEnabled=true, locationContextEnabled=true, browserName=firefox, takesScreenshot=true, javascriptEnabled=true, cssSelectorsEnabled=true}]
Session ID: 5747c3c2-5c03-4d17-b596-353bd997b0ea
*** Element info: {Using=class name, value=glyphicon iconPolicy <!--icon-policy-->}
	at org.openqa.selenium.remote.ErrorHandler.createThrowable(ErrorHandler.java:204)
	at org.openqa.selenium.remote.ErrorHandler.throwIfResponseFailed(ErrorHandler.java:156)
	at org.openqa.selenium.remote.RemoteWebDriver.execute(RemoteWebDriver.java:605)
	at org.openqa.selenium.remote.RemoteWebDriver.findElement(RemoteWebDriver.java:358)
	at org.openqa.selenium.remote.RemoteWebDriver.findElementByClassName(RemoteWebDriver.java:439)
	at org.openqa.selenium.By$ByClassName.findElement(By.java:388)
	at org.openqa.selenium.remote.RemoteWebDriver.findElement(RemoteWebDriver.java:350)
	at com.homesite.test.script.NewTest_IE.f(NewTest_IE.java:23)
Caused by: org.openqa.selenium.InvalidSelectorException: The given selector glyphicon iconPolicy <!--icon-policy--> is either invalid or does not result in a WebElement. The following error occurred:
InvalidSelectorError: Compound class names not permitted
For documentation on this error, please visit: http://seleniumhq.org/exceptions/invalid_selector_exception.html
Build info: version: '2.46.0', revision: '87c69e2', time: '2015-06-04 16:17:10'
System info: host: 'Mithu02-PC', ip: '192.168.1.151', os.name: 'Windows 8.1', os.arch: 'amd64', os.version: '6.3', java.version: '1.8.0_31'
Driver info: driver.version: unknown
	at <anonymous class>.FirefoxDriver.annotateInvalidSelectorError_(file:///C:/Users/Mithu/AppData/Local/Temp/anonymous5460536892089684707webdriver-profile/extensions/fxdriver@googlecode.com/components/driver-component.js:10273)
	at <anonymous class>.FirefoxDriver.prototype.findElementInternal_(file:///C:/Users/Mithu/AppData/Local/Temp/anonymous5460536892089684707webdriver-profile/extensions/fxdriver@googlecode.com/components/driver-component.js:10304)
	at <anonymous class>.FirefoxDriver.prototype.findElement(file:///C:/Users/Mithu/AppData/Local/Temp/anonymous5460536892089684707webdriver-profile/extensions/fxdriver@googlecode.com/components/driver-component.js:10308)
	at <anonymous class>.DelayedCommand.prototype.executeInternal_/h(file:///C:/Users/Mithu/AppData/Local/Temp/anonymous5460536892089684707webdriver-profile/extensions/fxdriver@googlecode.com/components/command-processor.js:12282)
	at <anonymous class>.DelayedCommand.prototype.executeInternal_(file:///C:/Users/Mithu/AppData/Local/Temp/anonymous5460536892089684707webdriver-profile/extensions/fxdriver@googlecode.com/components/command-processor.js:12287)
	at <anonymous class>.DelayedCommand.prototype.execute/<(file:///C:/Users/Mithu/AppData/Local/Temp/anonymous5460536892089684707webdriver-profile/extensions/fxdriver@googlecode.com/components/command-processor.js:12229)
... Removed 28 stack frames]]>
    </failure>
  </testcase> <!-- f -->
</testsuite> <!-- Default test(failed) -->
